<?xml version="1.0" encoding="UTF-8"?>
<testsuites name="Login_Test_Suite_negative" time="95" tests="3" failures="0" errors="0">
   <testsuite name="Login_Test_Suite_negative" tests="3" failures="0" errors="0" time="95" timestamp="2018-12-14 04:16:12" hostname="MNJUGUNA3 - LTTECH034.safaricom.net" id="Test Suites/Login_Test_Suite_negative">
      <properties>
         <property name="deviceName" value=""/>
         <property name="devicePlatform" value=""/>
         <property name="logFolder" value="C:\\Users\\MNJUGUNA3\\Katalon Studio\\Masoko_Automation\\Reports\\Login_Test_Suite_negative\\20181214_041311"/>
         <property name="logFiles" value="C:\\Users\\MNJUGUNA3\\Katalon Studio\\Masoko_Automation\\Reports\\Login_Test_Suite_negative\\20181214_041311\\execution0.log"/>
         <property name="attachments" value=""/>
         <property name="hostName" value="MNJUGUNA3 - LTTECH034.safaricom.net"/>
         <property name="os" value="Windows 10 64bit"/>
         <property name="katalonVersion" value="5.9.1.2"/>
         <property name="browser" value="Chrome 70.0.3538.110"/>
         <property name="hostAddress" value="169.254.183.47"/>
         <property name="sessionId" value="9c59146df59c0798c6bec847528fae7e"/>
         <property name="seleniumVersion" value="3.7.1"/>
         <property name="proxyInformation" value="ProxyInformation{proxyOption=USE_SYSTEM, proxyServerType=HTTP, password=, proxyServerAddress=, proxyServerPort=0}"/>
         <property name="platform" value="Windows 10"/>
      </properties>
      <testcase name="Test Cases/Log_In_negative" classname="Test Cases/Log_In_negative" status="PASSED">
         <system-out><![CDATA[2018-12-14 04:16:13 - [TEST_CASE][PASSED] - Test Cases/Log_In_negative: Test Cases/Log_In_negative

2018-12-14 04:16:14 - [TEST_STEP][PASSED] - openBrowser("https://www.masoko.com/"): Browser is opened with url: 'https://www.masoko.com/'

2018-12-14 04:16:15 - [MESSAGE][INFO] - Starting 'Chrome (headless)' driver

2018-12-14 04:16:15 - [MESSAGE][INFO] - Action delay is set to 0 seconds

2018-12-14 04:16:28 - [MESSAGE][PASSED] - Browser is opened with url: 'https://www.masoko.com/'

2018-12-14 04:16:28 - [TEST_STEP][PASSED] - waitForPageLoad(5, STOP_ON_FAILURE): Wait for page load successfully

2018-12-14 04:16:28 - [MESSAGE][PASSED] - Wait for page load successfully

2018-12-14 04:16:28 - [TEST_STEP][PASSED] - click(findTestObject("Object Repository/Page_Shop Online in Kenya - Pay Con/p_Sign In")): Object: 'Object Repository/Page_Shop Online in Kenya - Pay Con/p_Sign In' is clicked on

2018-12-14 04:16:33 - [MESSAGE][PASSED] - Object: 'Object Repository/Page_Shop Online in Kenya - Pay Con/p_Sign In' is clicked on

2018-12-14 04:16:33 - [TEST_STEP][PASSED] - waitForPageLoad(5, STOP_ON_FAILURE): Wait for page load successfully

2018-12-14 04:16:34 - [MESSAGE][PASSED] - Wait for page load successfully

2018-12-14 04:16:34 - [TEST_STEP][PASSED] - setText(findTestObject("Object Repository/Page_Customer Login/email_textbox"), var_username_neg): Text 'maxwellmunene007@gmail.com' is set on object 'Object Repository/Page_Customer Login/email_textbox'

2018-12-14 04:16:34 - [MESSAGE][PASSED] - Text 'maxwellmunene007@gmail.com' is set on object 'Object Repository/Page_Customer Login/email_textbox'

2018-12-14 04:16:34 - [TEST_STEP][PASSED] - setText(findTestObject("Object Repository/Page_Customer Login/password_textbox"), var_password_neg): Text '' is set on object 'Object Repository/Page_Customer Login/password_textbox'

2018-12-14 04:16:35 - [MESSAGE][PASSED] - Text '' is set on object 'Object Repository/Page_Customer Login/password_textbox'

2018-12-14 04:16:35 - [TEST_STEP][PASSED] - click(findTestObject("Object Repository/Page_Customer Login/button_Sign In")): Object: 'Object Repository/Page_Customer Login/button_Sign In' is clicked on

2018-12-14 04:16:35 - [MESSAGE][PASSED] - Object: 'Object Repository/Page_Customer Login/button_Sign In' is clicked on

2018-12-14 04:16:35 - [TEST_STEP][PASSED] - success = waitForElementVisible(findTestObject("Object Repository/Page_Customer Login/Page_Customer Login/required_email"), 5, CONTINUE_ON_FAILURE): Web element with id: 'Object Repository/Page_Customer Login/Page_Customer Login/required_email' located by 'By.xpath: //div[@id='email-error']' not found

2018-12-14 04:16:40 - [MESSAGE][INFO] - Unable to find the element located by 'By.xpath: //div[@id='email-error']'. Please recheck the objects properties to make sure the desired element is located. 

2018-12-14 04:16:40 - [MESSAGE][WARNING] - Web element with id: 'Object Repository/Page_Customer Login/Page_Customer Login/required_email' located by 'By.xpath: //div[@id='email-error']' not found

2018-12-14 04:16:40 - [TEST_STEP][PASSED] - success1 = waitForElementVisible(findTestObject("Object Repository/Page_Customer Login/Page_Customer Login/required_password"), 5, CONTINUE_ON_FAILURE): Object 'Object Repository/Page_Customer Login/Page_Customer Login/required_password' is visible

2018-12-14 04:16:40 - [MESSAGE][PASSED] - Object 'Object Repository/Page_Customer Login/Page_Customer Login/required_password' is visible

2018-12-14 04:16:40 - [TEST_STEP][PASSED] - success2 = waitForElementPresent(findTestObject("Object Repository/Page_Customer Login/Page_Customer Login/invalid_username_or_pass_err"), 5, STOP_ON_FAILURE): Object 'Object Repository/Page_Customer Login/Page_Customer Login/invalid_username_or_pass_err' is not present after 5 second(s)

2018-12-14 04:16:45 - [MESSAGE][INFO] - Unable to find the element located by 'By.xpath: //main[@id='maincontent']/div/div[2]/div/div/div'. Please recheck the objects properties to make sure the desired element is located. 

2018-12-14 04:16:45 - [MESSAGE][WARNING] - Object 'Object Repository/Page_Customer Login/Page_Customer Login/invalid_username_or_pass_err' is not present after 5 second(s)

2018-12-14 04:16:45 - [TEST_STEP][PASSED] - if (success): null

2018-12-14 04:16:45 - [TEST_STEP][PASSED] - else if (success1): Cannot log in as password is a required field

2018-12-14 04:16:45 - [TEST_STEP][PASSED] - markPassed("Cannot log in as password is a required field"): Cannot log in as password is a required field

2018-12-14 04:16:45 - [MESSAGE][PASSED] - Cannot log in as password is a required field]]></system-out>
         <system-err><![CDATA[]]></system-err>
      </testcase>
      <testcase name="Test Cases/Log_In_negative" classname="Test Cases/Log_In_negative" status="PASSED">
         <system-out><![CDATA[2018-12-14 04:16:45 - [TEST_CASE][PASSED] - Test Cases/Log_In_negative: Test Cases/Log_In_negative

2018-12-14 04:16:45 - [TEST_STEP][PASSED] - openBrowser("https://www.masoko.com/"): Browser is opened with url: 'https://www.masoko.com/'

2018-12-14 04:16:45 - [MESSAGE][WARNING] - A browser is already opened. Closing browser and opening a new one

2018-12-14 04:16:46 - [MESSAGE][INFO] - Starting 'Chrome (headless)' driver

2018-12-14 04:16:55 - [MESSAGE][PASSED] - Browser is opened with url: 'https://www.masoko.com/'

2018-12-14 04:16:55 - [TEST_STEP][PASSED] - waitForPageLoad(5, STOP_ON_FAILURE): Wait for page load successfully

2018-12-14 04:16:55 - [MESSAGE][PASSED] - Wait for page load successfully

2018-12-14 04:16:55 - [TEST_STEP][PASSED] - click(findTestObject("Object Repository/Page_Shop Online in Kenya - Pay Con/p_Sign In")): Object: 'Object Repository/Page_Shop Online in Kenya - Pay Con/p_Sign In' is clicked on

2018-12-14 04:17:00 - [MESSAGE][PASSED] - Object: 'Object Repository/Page_Shop Online in Kenya - Pay Con/p_Sign In' is clicked on

2018-12-14 04:17:00 - [TEST_STEP][PASSED] - waitForPageLoad(5, STOP_ON_FAILURE): Wait for page load successfully

2018-12-14 04:17:00 - [MESSAGE][PASSED] - Wait for page load successfully

2018-12-14 04:17:00 - [TEST_STEP][PASSED] - setText(findTestObject("Object Repository/Page_Customer Login/email_textbox"), var_username_neg): Text '' is set on object 'Object Repository/Page_Customer Login/email_textbox'

2018-12-14 04:17:01 - [MESSAGE][PASSED] - Text '' is set on object 'Object Repository/Page_Customer Login/email_textbox'

2018-12-14 04:17:01 - [TEST_STEP][PASSED] - setText(findTestObject("Object Repository/Page_Customer Login/password_textbox"), var_password_neg): Text 'burex007*#' is set on object 'Object Repository/Page_Customer Login/password_textbox'

2018-12-14 04:17:01 - [MESSAGE][PASSED] - Text 'burex007*#' is set on object 'Object Repository/Page_Customer Login/password_textbox'

2018-12-14 04:17:01 - [TEST_STEP][PASSED] - click(findTestObject("Object Repository/Page_Customer Login/button_Sign In")): Object: 'Object Repository/Page_Customer Login/button_Sign In' is clicked on

2018-12-14 04:17:01 - [MESSAGE][PASSED] - Object: 'Object Repository/Page_Customer Login/button_Sign In' is clicked on

2018-12-14 04:17:01 - [TEST_STEP][PASSED] - success = waitForElementVisible(findTestObject("Object Repository/Page_Customer Login/Page_Customer Login/required_email"), 5, CONTINUE_ON_FAILURE): Object 'Object Repository/Page_Customer Login/Page_Customer Login/required_email' is visible

2018-12-14 04:17:01 - [MESSAGE][PASSED] - Object 'Object Repository/Page_Customer Login/Page_Customer Login/required_email' is visible

2018-12-14 04:17:01 - [TEST_STEP][PASSED] - success1 = waitForElementVisible(findTestObject("Object Repository/Page_Customer Login/Page_Customer Login/required_password"), 5, CONTINUE_ON_FAILURE): Web element with id: 'Object Repository/Page_Customer Login/Page_Customer Login/required_password' located by 'By.xpath: //div[@id='pass-error']' not found

2018-12-14 04:17:07 - [MESSAGE][INFO] - Unable to find the element located by 'By.xpath: //div[@id='pass-error']'. Please recheck the objects properties to make sure the desired element is located. 

2018-12-14 04:17:07 - [MESSAGE][WARNING] - Web element with id: 'Object Repository/Page_Customer Login/Page_Customer Login/required_password' located by 'By.xpath: //div[@id='pass-error']' not found

2018-12-14 04:17:07 - [TEST_STEP][PASSED] - success2 = waitForElementPresent(findTestObject("Object Repository/Page_Customer Login/Page_Customer Login/invalid_username_or_pass_err"), 5, STOP_ON_FAILURE): Object 'Object Repository/Page_Customer Login/Page_Customer Login/invalid_username_or_pass_err' is not present after 5 second(s)

2018-12-14 04:17:12 - [MESSAGE][INFO] - Unable to find the element located by 'By.xpath: //main[@id='maincontent']/div/div[2]/div/div/div'. Please recheck the objects properties to make sure the desired element is located. 

2018-12-14 04:17:12 - [MESSAGE][WARNING] - Object 'Object Repository/Page_Customer Login/Page_Customer Login/invalid_username_or_pass_err' is not present after 5 second(s)

2018-12-14 04:17:12 - [TEST_STEP][PASSED] - if (success): Cannot log in as Username is a required field

2018-12-14 04:17:12 - [TEST_STEP][PASSED] - markPassed("Cannot log in as Username is a required field"): Cannot log in as Username is a required field

2018-12-14 04:17:12 - [MESSAGE][PASSED] - Cannot log in as Username is a required field]]></system-out>
         <system-err><![CDATA[]]></system-err>
      </testcase>
      <testcase name="Test Cases/Log_In_negative" classname="Test Cases/Log_In_negative" status="PASSED">
         <system-out><![CDATA[2018-12-14 04:17:12 - [TEST_CASE][PASSED] - Test Cases/Log_In_negative: Test Cases/Log_In_negative

2018-12-14 04:17:12 - [TEST_STEP][PASSED] - openBrowser("https://www.masoko.com/"): Browser is opened with url: 'https://www.masoko.com/'

2018-12-14 04:17:12 - [MESSAGE][WARNING] - A browser is already opened. Closing browser and opening a new one

2018-12-14 04:17:13 - [MESSAGE][INFO] - Starting 'Chrome (headless)' driver

2018-12-14 04:17:23 - [MESSAGE][PASSED] - Browser is opened with url: 'https://www.masoko.com/'

2018-12-14 04:17:23 - [TEST_STEP][PASSED] - waitForPageLoad(5, STOP_ON_FAILURE): Wait for page load successfully

2018-12-14 04:17:23 - [MESSAGE][PASSED] - Wait for page load successfully

2018-12-14 04:17:23 - [TEST_STEP][PASSED] - click(findTestObject("Object Repository/Page_Shop Online in Kenya - Pay Con/p_Sign In")): Object: 'Object Repository/Page_Shop Online in Kenya - Pay Con/p_Sign In' is clicked on

2018-12-14 04:17:29 - [MESSAGE][PASSED] - Object: 'Object Repository/Page_Shop Online in Kenya - Pay Con/p_Sign In' is clicked on

2018-12-14 04:17:29 - [TEST_STEP][PASSED] - waitForPageLoad(5, STOP_ON_FAILURE): Wait for page load successfully

2018-12-14 04:17:29 - [MESSAGE][PASSED] - Wait for page load successfully

2018-12-14 04:17:29 - [TEST_STEP][PASSED] - setText(findTestObject("Object Repository/Page_Customer Login/email_textbox"), var_username_neg): Text 'randomemail@gmail.com' is set on object 'Object Repository/Page_Customer Login/email_textbox'

2018-12-14 04:17:30 - [MESSAGE][PASSED] - Text 'randomemail@gmail.com' is set on object 'Object Repository/Page_Customer Login/email_textbox'

2018-12-14 04:17:30 - [TEST_STEP][PASSED] - setText(findTestObject("Object Repository/Page_Customer Login/password_textbox"), var_password_neg): Text 'randompass' is set on object 'Object Repository/Page_Customer Login/password_textbox'

2018-12-14 04:17:30 - [MESSAGE][PASSED] - Text 'randompass' is set on object 'Object Repository/Page_Customer Login/password_textbox'

2018-12-14 04:17:30 - [TEST_STEP][PASSED] - click(findTestObject("Object Repository/Page_Customer Login/button_Sign In")): Object: 'Object Repository/Page_Customer Login/button_Sign In' is clicked on

2018-12-14 04:17:36 - [MESSAGE][PASSED] - Object: 'Object Repository/Page_Customer Login/button_Sign In' is clicked on

2018-12-14 04:17:36 - [TEST_STEP][PASSED] - success = waitForElementVisible(findTestObject("Object Repository/Page_Customer Login/Page_Customer Login/required_email"), 5, CONTINUE_ON_FAILURE): Web element with id: 'Object Repository/Page_Customer Login/Page_Customer Login/required_email' located by 'By.xpath: //div[@id='email-error']' not found

2018-12-14 04:17:41 - [MESSAGE][INFO] - Unable to find the element located by 'By.xpath: //div[@id='email-error']'. Please recheck the objects properties to make sure the desired element is located. 

2018-12-14 04:17:41 - [MESSAGE][WARNING] - Web element with id: 'Object Repository/Page_Customer Login/Page_Customer Login/required_email' located by 'By.xpath: //div[@id='email-error']' not found

2018-12-14 04:17:41 - [TEST_STEP][PASSED] - success1 = waitForElementVisible(findTestObject("Object Repository/Page_Customer Login/Page_Customer Login/required_password"), 5, CONTINUE_ON_FAILURE): Web element with id: 'Object Repository/Page_Customer Login/Page_Customer Login/required_password' located by 'By.xpath: //div[@id='pass-error']' not found

2018-12-14 04:17:46 - [MESSAGE][INFO] - Unable to find the element located by 'By.xpath: //div[@id='pass-error']'. Please recheck the objects properties to make sure the desired element is located. 

2018-12-14 04:17:46 - [MESSAGE][WARNING] - Web element with id: 'Object Repository/Page_Customer Login/Page_Customer Login/required_password' located by 'By.xpath: //div[@id='pass-error']' not found

2018-12-14 04:17:46 - [TEST_STEP][PASSED] - success2 = waitForElementPresent(findTestObject("Object Repository/Page_Customer Login/Page_Customer Login/invalid_username_or_pass_err"), 5, STOP_ON_FAILURE): Object 'Object Repository/Page_Customer Login/Page_Customer Login/invalid_username_or_pass_err' is present

2018-12-14 04:17:46 - [MESSAGE][PASSED] - Object 'Object Repository/Page_Customer Login/Page_Customer Login/invalid_username_or_pass_err' is present

2018-12-14 04:17:46 - [TEST_STEP][PASSED] - if (success): null

2018-12-14 04:17:46 - [TEST_STEP][PASSED] - else if (success1): null

2018-12-14 04:17:46 - [TEST_STEP][PASSED] - else: Cannot Log in using invalid credentials

2018-12-14 04:17:46 - [TEST_STEP][PASSED] - if (success2): Cannot Log in using invalid credentials

2018-12-14 04:17:46 - [TEST_STEP][PASSED] - markPassed("Cannot Log in using invalid credentials"): Cannot Log in using invalid credentials

2018-12-14 04:17:46 - [MESSAGE][PASSED] - Cannot Log in using invalid credentials]]></system-out>
         <system-err><![CDATA[]]></system-err>
      </testcase>
      <system-out><![CDATA[2018-12-14 04:16:12 - [TEST_SUITE][PASSED] - Login_Test_Suite_negative: Test Cases/Log_In_negative]]></system-out>
      <system-err><![CDATA[]]></system-err>
   </testsuite>
</testsuites>
