<?xml version="1.0" encoding="UTF-8"?>
<testsuites name="Product_search_Test_Suite" time="81" tests="1" failures="2" errors="0">
   <testsuite name="Product_search_Test_Suite" tests="1" failures="2" errors="0" time="81" timestamp="2018-12-14 05:32:24" hostname="LTTECH034$ - LTTECH034.safaricom.net" id="Test Suites/Product_search_Test_Suite">
      <properties>
         <property name="deviceName" value=""/>
         <property name="devicePlatform" value=""/>
         <property name="logFolder" value="C:\\Users\\MNJUGUNA3\\Katalon Studio\\Masoko_Automation\\Reports\\Product_search_Test_Suite\\20181214_052640"/>
         <property name="logFiles" value="C:\\Users\\MNJUGUNA3\\Katalon Studio\\Masoko_Automation\\Reports\\Product_search_Test_Suite\\20181214_052640\\execution0.log"/>
         <property name="attachments" value=""/>
         <property name="hostName" value="LTTECH034$ - LTTECH034.safaricom.net"/>
         <property name="os" value="Windows 10 64bit"/>
         <property name="katalonVersion" value="5.9.1.2"/>
         <property name="browser" value="Chrome 70.0.3538.110"/>
         <property name="hostAddress" value="169.254.183.47"/>
         <property name="sessionId" value="63c674caec1588b402a540fa3562cbf3"/>
         <property name="seleniumVersion" value="3.7.1"/>
         <property name="proxyInformation" value="ProxyInformation{proxyOption=USE_SYSTEM, proxyServerType=HTTP, password=, proxyServerAddress=, proxyServerPort=0}"/>
         <property name="platform" value="Windows 10"/>
      </properties>
      <testcase name="Test Cases/Product Search" classname="Test Cases/Product Search" status="PASSED">
         <system-out><![CDATA[2018-12-14 05:32:25 - [TEST_CASE][PASSED] - Test Cases/Product Search: Test Cases/Product Search

2018-12-14 05:32:26 - [TEST_STEP][PASSED] - openBrowser("https://www.masoko.com/"): Browser is opened with url: 'https://www.masoko.com/'

2018-12-14 05:32:27 - [MESSAGE][INFO] - Starting 'Chrome (headless)' driver

2018-12-14 05:32:27 - [MESSAGE][INFO] - Action delay is set to 0 seconds

2018-12-14 05:32:41 - [MESSAGE][PASSED] - Browser is opened with url: 'https://www.masoko.com/'

2018-12-14 05:32:41 - [TEST_STEP][PASSED] - waitForPageLoad(5, STOP_ON_FAILURE): Wait for page load successfully

2018-12-14 05:32:41 - [MESSAGE][PASSED] - Wait for page load successfully

2018-12-14 05:32:41 - [TEST_STEP][PASSED] - setText(findTestObject("Object Repository/Search_Objects/Page_Shop Online in Kenya - Pay Con/search_product"), var_product_name): Text 'iphone' is set on object 'Object Repository/Search_Objects/Page_Shop Online in Kenya - Pay Con/search_product'

2018-12-14 05:32:42 - [MESSAGE][PASSED] - Text 'iphone' is set on object 'Object Repository/Search_Objects/Page_Shop Online in Kenya - Pay Con/search_product'

2018-12-14 05:32:42 - [TEST_STEP][PASSED] - click(findTestObject("Object Repository/Search_Objects/Page_Shop Online in Kenya - Pay Con/button_Search")): Object: 'Object Repository/Search_Objects/Page_Shop Online in Kenya - Pay Con/button_Search' is clicked on

2018-12-14 05:32:54 - [MESSAGE][PASSED] - Object: 'Object Repository/Search_Objects/Page_Shop Online in Kenya - Pay Con/button_Search' is clicked on

2018-12-14 05:32:54 - [TEST_STEP][PASSED] - success = waitForElementPresent(findTestObject("Object Repository/Search_Objects/Page_Search results for iphone/search_indicator_reslt"), 10, CONTINUE_ON_FAILURE): Object 'Object Repository/Search_Objects/Page_Search results for iphone/search_indicator_reslt' is present

2018-12-14 05:32:54 - [MESSAGE][PASSED] - Object 'Object Repository/Search_Objects/Page_Search results for iphone/search_indicator_reslt' is present

2018-12-14 05:32:54 - [TEST_STEP][PASSED] - if (success): Successfully search for product

2018-12-14 05:32:54 - [TEST_STEP][PASSED] - markPassed("Successfully search for product"): Successfully search for product

2018-12-14 05:32:54 - [MESSAGE][PASSED] - Successfully search for product]]></system-out>
         <system-err><![CDATA[]]></system-err>
      </testcase>
      <testcase name="Test Cases/Product Search" classname="Test Cases/Product Search" status="FAILED">
         <failure type="FAILED" message="Test Cases/Product Search FAILED.
Reason:
com.kms.katalon.core.exception.StepFailedException: Failed to search for specified product
	at com.kms.katalon.core.util.KeywordUtil.markFailed(KeywordUtil.java:18)
	at com.kms.katalon.core.util.KeywordUtil$markFailed$0.call(Unknown Source)
	at Product Search.run(Product Search:31)
	at com.kms.katalon.core.main.ScriptEngine.run(ScriptEngine.java:194)
	at com.kms.katalon.core.main.ScriptEngine.runScriptAsRawText(ScriptEngine.java:119)
	at com.kms.katalon.core.main.TestCaseExecutor.runScript(TestCaseExecutor.java:321)
	at com.kms.katalon.core.main.TestCaseExecutor.doExecute(TestCaseExecutor.java:312)
	at com.kms.katalon.core.main.TestCaseExecutor.processExecutionPhase(TestCaseExecutor.java:291)
	at com.kms.katalon.core.main.TestCaseExecutor.accessMainPhase(TestCaseExecutor.java:283)
	at com.kms.katalon.core.main.TestCaseExecutor.execute(TestCaseExecutor.java:222)
	at com.kms.katalon.core.main.TestSuiteExecutor.accessTestCaseMainPhase(TestSuiteExecutor.java:129)
	at com.kms.katalon.core.main.TestSuiteExecutor.accessTestSuiteMainPhase(TestSuiteExecutor.java:112)
	at com.kms.katalon.core.main.TestSuiteExecutor.execute(TestSuiteExecutor.java:81)
	at com.kms.katalon.core.main.TestCaseMain.startTestSuite(TestCaseMain.java:149)
	at com.kms.katalon.core.main.TestCaseMain$startTestSuite$0.call(Unknown Source)
	at TempTestSuite1544754414997.run(TempTestSuite1544754414997.groovy:36)
"/>
         <system-out><![CDATA[2018-12-14 05:32:54 - [TEST_CASE][FAILED] - Test Cases/Product Search: Test Cases/Product Search FAILED.
Reason:
com.kms.katalon.core.exception.StepFailedException: Failed to search for specified product
	at com.kms.katalon.core.util.KeywordUtil.markFailed(KeywordUtil.java:18)
	at com.kms.katalon.core.util.KeywordUtil$markFailed$0.call(Unknown Source)
	at Product Search.run(Product Search:31)
	at com.kms.katalon.core.main.ScriptEngine.run(ScriptEngine.java:194)
	at com.kms.katalon.core.main.ScriptEngine.runScriptAsRawText(ScriptEngine.java:119)
	at com.kms.katalon.core.main.TestCaseExecutor.runScript(TestCaseExecutor.java:321)
	at com.kms.katalon.core.main.TestCaseExecutor.doExecute(TestCaseExecutor.java:312)
	at com.kms.katalon.core.main.TestCaseExecutor.processExecutionPhase(TestCaseExecutor.java:291)
	at com.kms.katalon.core.main.TestCaseExecutor.accessMainPhase(TestCaseExecutor.java:283)
	at com.kms.katalon.core.main.TestCaseExecutor.execute(TestCaseExecutor.java:222)
	at com.kms.katalon.core.main.TestSuiteExecutor.accessTestCaseMainPhase(TestSuiteExecutor.java:129)
	at com.kms.katalon.core.main.TestSuiteExecutor.accessTestSuiteMainPhase(TestSuiteExecutor.java:112)
	at com.kms.katalon.core.main.TestSuiteExecutor.execute(TestSuiteExecutor.java:81)
	at com.kms.katalon.core.main.TestCaseMain.startTestSuite(TestCaseMain.java:149)
	at com.kms.katalon.core.main.TestCaseMain$startTestSuite$0.call(Unknown Source)
	at TempTestSuite1544754414997.run(TempTestSuite1544754414997.groovy:36)


2018-12-14 05:32:54 - [TEST_STEP][PASSED] - openBrowser("https://www.masoko.com/"): Browser is opened with url: 'https://www.masoko.com/'

2018-12-14 05:32:54 - [MESSAGE][WARNING] - A browser is already opened. Closing browser and opening a new one

2018-12-14 05:32:55 - [MESSAGE][INFO] - Starting 'Chrome (headless)' driver

2018-12-14 05:33:04 - [MESSAGE][PASSED] - Browser is opened with url: 'https://www.masoko.com/'

2018-12-14 05:33:04 - [TEST_STEP][PASSED] - waitForPageLoad(5, STOP_ON_FAILURE): Wait for page load successfully

2018-12-14 05:33:04 - [MESSAGE][PASSED] - Wait for page load successfully

2018-12-14 05:33:04 - [TEST_STEP][PASSED] - setText(findTestObject("Object Repository/Search_Objects/Page_Shop Online in Kenya - Pay Con/search_product"), var_product_name): Text '' is set on object 'Object Repository/Search_Objects/Page_Shop Online in Kenya - Pay Con/search_product'

2018-12-14 05:33:04 - [MESSAGE][PASSED] - Text '' is set on object 'Object Repository/Search_Objects/Page_Shop Online in Kenya - Pay Con/search_product'

2018-12-14 05:33:04 - [TEST_STEP][PASSED] - click(findTestObject("Object Repository/Search_Objects/Page_Shop Online in Kenya - Pay Con/button_Search")): Object: 'Object Repository/Search_Objects/Page_Shop Online in Kenya - Pay Con/button_Search' is clicked on

2018-12-14 05:33:09 - [MESSAGE][PASSED] - Object: 'Object Repository/Search_Objects/Page_Shop Online in Kenya - Pay Con/button_Search' is clicked on

2018-12-14 05:33:09 - [TEST_STEP][PASSED] - success = waitForElementPresent(findTestObject("Object Repository/Search_Objects/Page_Search results for iphone/search_indicator_reslt"), 10, CONTINUE_ON_FAILURE): Object 'Object Repository/Search_Objects/Page_Search results for iphone/search_indicator_reslt' is not present after 10 second(s)

2018-12-14 05:33:20 - [MESSAGE][INFO] - Unable to find the element located by 'By.xpath: //main[@id='maincontent']/div[3]/div/div/h1/span'. Please recheck the objects properties to make sure the desired element is located. 

2018-12-14 05:33:20 - [MESSAGE][WARNING] - Object 'Object Repository/Search_Objects/Page_Search results for iphone/search_indicator_reslt' is not present after 10 second(s)

2018-12-14 05:33:20 - [TEST_STEP][PASSED] - if (success): null

2018-12-14 05:33:20 - [TEST_STEP][FAILED] - else: else FAILED.
Reason:
com.kms.katalon.core.exception.StepFailedException: Failed to search for specified product
	at com.kms.katalon.core.util.KeywordUtil.markFailed(KeywordUtil.java:18)
	at com.kms.katalon.core.util.KeywordUtil$markFailed$0.call(Unknown Source)
	at Product Search.run(Product Search:31)
	at com.kms.katalon.core.main.ScriptEngine.run(ScriptEngine.java:194)
	at com.kms.katalon.core.main.ScriptEngine.runScriptAsRawText(ScriptEngine.java:119)
	at com.kms.katalon.core.main.TestCaseExecutor.runScript(TestCaseExecutor.java:321)
	at com.kms.katalon.core.main.TestCaseExecutor.doExecute(TestCaseExecutor.java:312)
	at com.kms.katalon.core.main.TestCaseExecutor.processExecutionPhase(TestCaseExecutor.java:291)
	at com.kms.katalon.core.main.TestCaseExecutor.accessMainPhase(TestCaseExecutor.java:283)
	at com.kms.katalon.core.main.TestCaseExecutor.execute(TestCaseExecutor.java:222)
	at com.kms.katalon.core.main.TestSuiteExecutor.accessTestCaseMainPhase(TestSuiteExecutor.java:129)
	at com.kms.katalon.core.main.TestSuiteExecutor.accessTestSuiteMainPhase(TestSuiteExecutor.java:112)
	at com.kms.katalon.core.main.TestSuiteExecutor.execute(TestSuiteExecutor.java:81)
	at com.kms.katalon.core.main.TestCaseMain.startTestSuite(TestCaseMain.java:149)
	at com.kms.katalon.core.main.TestCaseMain$startTestSuite$0.call(Unknown Source)
	at TempTestSuite1544754414997.run(TempTestSuite1544754414997.groovy:36)


2018-12-14 05:33:20 - [TEST_STEP][FAILED] - markFailed("Failed to search for specified product"): else FAILED.
Reason:
com.kms.katalon.core.exception.StepFailedException: Failed to search for specified product
	at com.kms.katalon.core.util.KeywordUtil.markFailed(KeywordUtil.java:18)
	at com.kms.katalon.core.util.KeywordUtil$markFailed$0.call(Unknown Source)
	at Product Search.run(Product Search:31)
	at com.kms.katalon.core.main.ScriptEngine.run(ScriptEngine.java:194)
	at com.kms.katalon.core.main.ScriptEngine.runScriptAsRawText(ScriptEngine.java:119)
	at com.kms.katalon.core.main.TestCaseExecutor.runScript(TestCaseExecutor.java:321)
	at com.kms.katalon.core.main.TestCaseExecutor.doExecute(TestCaseExecutor.java:312)
	at com.kms.katalon.core.main.TestCaseExecutor.processExecutionPhase(TestCaseExecutor.java:291)
	at com.kms.katalon.core.main.TestCaseExecutor.accessMainPhase(TestCaseExecutor.java:283)
	at com.kms.katalon.core.main.TestCaseExecutor.execute(TestCaseExecutor.java:222)
	at com.kms.katalon.core.main.TestSuiteExecutor.accessTestCaseMainPhase(TestSuiteExecutor.java:129)
	at com.kms.katalon.core.main.TestSuiteExecutor.accessTestSuiteMainPhase(TestSuiteExecutor.java:112)
	at com.kms.katalon.core.main.TestSuiteExecutor.execute(TestSuiteExecutor.java:81)
	at com.kms.katalon.core.main.TestCaseMain.startTestSuite(TestCaseMain.java:149)
	at com.kms.katalon.core.main.TestCaseMain$startTestSuite$0.call(Unknown Source)
	at TempTestSuite1544754414997.run(TempTestSuite1544754414997.groovy:36)


2018-12-14 05:33:20 - [MESSAGE][FAILED] - else FAILED.
Reason:
com.kms.katalon.core.exception.StepFailedException: Failed to search for specified product
	at com.kms.katalon.core.util.KeywordUtil.markFailed(KeywordUtil.java:18)
	at com.kms.katalon.core.util.KeywordUtil$markFailed$0.call(Unknown Source)
	at Product Search.run(Product Search:31)
	at com.kms.katalon.core.main.ScriptEngine.run(ScriptEngine.java:194)
	at com.kms.katalon.core.main.ScriptEngine.runScriptAsRawText(ScriptEngine.java:119)
	at com.kms.katalon.core.main.TestCaseExecutor.runScript(TestCaseExecutor.java:321)
	at com.kms.katalon.core.main.TestCaseExecutor.doExecute(TestCaseExecutor.java:312)
	at com.kms.katalon.core.main.TestCaseExecutor.processExecutionPhase(TestCaseExecutor.java:291)
	at com.kms.katalon.core.main.TestCaseExecutor.accessMainPhase(TestCaseExecutor.java:283)
	at com.kms.katalon.core.main.TestCaseExecutor.execute(TestCaseExecutor.java:222)
	at com.kms.katalon.core.main.TestSuiteExecutor.accessTestCaseMainPhase(TestSuiteExecutor.java:129)
	at com.kms.katalon.core.main.TestSuiteExecutor.accessTestSuiteMainPhase(TestSuiteExecutor.java:112)
	at com.kms.katalon.core.main.TestSuiteExecutor.execute(TestSuiteExecutor.java:81)
	at com.kms.katalon.core.main.TestCaseMain.startTestSuite(TestCaseMain.java:149)
	at com.kms.katalon.core.main.TestCaseMain$startTestSuite$0.call(Unknown Source)
	at TempTestSuite1544754414997.run(TempTestSuite1544754414997.groovy:36)]]></system-out>
         <system-err><![CDATA[2018-12-14 05:32:54 - [TEST_CASE][FAILED] - Test Cases/Product Search: Test Cases/Product Search FAILED.
Reason:
com.kms.katalon.core.exception.StepFailedException: Failed to search for specified product
	at com.kms.katalon.core.util.KeywordUtil.markFailed(KeywordUtil.java:18)
	at com.kms.katalon.core.util.KeywordUtil$markFailed$0.call(Unknown Source)
	at Product Search.run(Product Search:31)
	at com.kms.katalon.core.main.ScriptEngine.run(ScriptEngine.java:194)
	at com.kms.katalon.core.main.ScriptEngine.runScriptAsRawText(ScriptEngine.java:119)
	at com.kms.katalon.core.main.TestCaseExecutor.runScript(TestCaseExecutor.java:321)
	at com.kms.katalon.core.main.TestCaseExecutor.doExecute(TestCaseExecutor.java:312)
	at com.kms.katalon.core.main.TestCaseExecutor.processExecutionPhase(TestCaseExecutor.java:291)
	at com.kms.katalon.core.main.TestCaseExecutor.accessMainPhase(TestCaseExecutor.java:283)
	at com.kms.katalon.core.main.TestCaseExecutor.execute(TestCaseExecutor.java:222)
	at com.kms.katalon.core.main.TestSuiteExecutor.accessTestCaseMainPhase(TestSuiteExecutor.java:129)
	at com.kms.katalon.core.main.TestSuiteExecutor.accessTestSuiteMainPhase(TestSuiteExecutor.java:112)
	at com.kms.katalon.core.main.TestSuiteExecutor.execute(TestSuiteExecutor.java:81)
	at com.kms.katalon.core.main.TestCaseMain.startTestSuite(TestCaseMain.java:149)
	at com.kms.katalon.core.main.TestCaseMain$startTestSuite$0.call(Unknown Source)
	at TempTestSuite1544754414997.run(TempTestSuite1544754414997.groovy:36)]]></system-err>
      </testcase>
      <testcase name="Test Cases/Product Search" classname="Test Cases/Product Search" status="FAILED">
         <failure type="FAILED" message="Test Cases/Product Search FAILED.
Reason:
com.kms.katalon.core.exception.StepFailedException: Failed to search for specified product
	at com.kms.katalon.core.util.KeywordUtil.markFailed(KeywordUtil.java:18)
	at com.kms.katalon.core.util.KeywordUtil$markFailed$0.call(Unknown Source)
	at Product Search.run(Product Search:31)
	at com.kms.katalon.core.main.ScriptEngine.run(ScriptEngine.java:194)
	at com.kms.katalon.core.main.ScriptEngine.runScriptAsRawText(ScriptEngine.java:119)
	at com.kms.katalon.core.main.TestCaseExecutor.runScript(TestCaseExecutor.java:321)
	at com.kms.katalon.core.main.TestCaseExecutor.doExecute(TestCaseExecutor.java:312)
	at com.kms.katalon.core.main.TestCaseExecutor.processExecutionPhase(TestCaseExecutor.java:291)
	at com.kms.katalon.core.main.TestCaseExecutor.accessMainPhase(TestCaseExecutor.java:283)
	at com.kms.katalon.core.main.TestCaseExecutor.execute(TestCaseExecutor.java:222)
	at com.kms.katalon.core.main.TestSuiteExecutor.accessTestCaseMainPhase(TestSuiteExecutor.java:129)
	at com.kms.katalon.core.main.TestSuiteExecutor.accessTestSuiteMainPhase(TestSuiteExecutor.java:112)
	at com.kms.katalon.core.main.TestSuiteExecutor.execute(TestSuiteExecutor.java:81)
	at com.kms.katalon.core.main.TestCaseMain.startTestSuite(TestCaseMain.java:149)
	at com.kms.katalon.core.main.TestCaseMain$startTestSuite$0.call(Unknown Source)
	at TempTestSuite1544754414997.run(TempTestSuite1544754414997.groovy:36)
"/>
         <system-out><![CDATA[2018-12-14 05:33:20 - [TEST_CASE][FAILED] - Test Cases/Product Search: Test Cases/Product Search FAILED.
Reason:
com.kms.katalon.core.exception.StepFailedException: Failed to search for specified product
	at com.kms.katalon.core.util.KeywordUtil.markFailed(KeywordUtil.java:18)
	at com.kms.katalon.core.util.KeywordUtil$markFailed$0.call(Unknown Source)
	at Product Search.run(Product Search:31)
	at com.kms.katalon.core.main.ScriptEngine.run(ScriptEngine.java:194)
	at com.kms.katalon.core.main.ScriptEngine.runScriptAsRawText(ScriptEngine.java:119)
	at com.kms.katalon.core.main.TestCaseExecutor.runScript(TestCaseExecutor.java:321)
	at com.kms.katalon.core.main.TestCaseExecutor.doExecute(TestCaseExecutor.java:312)
	at com.kms.katalon.core.main.TestCaseExecutor.processExecutionPhase(TestCaseExecutor.java:291)
	at com.kms.katalon.core.main.TestCaseExecutor.accessMainPhase(TestCaseExecutor.java:283)
	at com.kms.katalon.core.main.TestCaseExecutor.execute(TestCaseExecutor.java:222)
	at com.kms.katalon.core.main.TestSuiteExecutor.accessTestCaseMainPhase(TestSuiteExecutor.java:129)
	at com.kms.katalon.core.main.TestSuiteExecutor.accessTestSuiteMainPhase(TestSuiteExecutor.java:112)
	at com.kms.katalon.core.main.TestSuiteExecutor.execute(TestSuiteExecutor.java:81)
	at com.kms.katalon.core.main.TestCaseMain.startTestSuite(TestCaseMain.java:149)
	at com.kms.katalon.core.main.TestCaseMain$startTestSuite$0.call(Unknown Source)
	at TempTestSuite1544754414997.run(TempTestSuite1544754414997.groovy:36)


2018-12-14 05:33:20 - [TEST_STEP][PASSED] - openBrowser("https://www.masoko.com/"): Browser is opened with url: 'https://www.masoko.com/'

2018-12-14 05:33:20 - [MESSAGE][WARNING] - A browser is already opened. Closing browser and opening a new one

2018-12-14 05:33:20 - [MESSAGE][INFO] - Starting 'Chrome (headless)' driver

2018-12-14 05:33:30 - [MESSAGE][PASSED] - Browser is opened with url: 'https://www.masoko.com/'

2018-12-14 05:33:30 - [TEST_STEP][PASSED] - waitForPageLoad(5, STOP_ON_FAILURE): Wait for page load successfully

2018-12-14 05:33:30 - [MESSAGE][PASSED] - Wait for page load successfully

2018-12-14 05:33:30 - [TEST_STEP][PASSED] - setText(findTestObject("Object Repository/Search_Objects/Page_Shop Online in Kenya - Pay Con/search_product"), var_product_name): Text '' is set on object 'Object Repository/Search_Objects/Page_Shop Online in Kenya - Pay Con/search_product'

2018-12-14 05:33:30 - [MESSAGE][PASSED] - Text '' is set on object 'Object Repository/Search_Objects/Page_Shop Online in Kenya - Pay Con/search_product'

2018-12-14 05:33:30 - [TEST_STEP][PASSED] - click(findTestObject("Object Repository/Search_Objects/Page_Shop Online in Kenya - Pay Con/button_Search")): Object: 'Object Repository/Search_Objects/Page_Shop Online in Kenya - Pay Con/button_Search' is clicked on

2018-12-14 05:33:34 - [MESSAGE][PASSED] - Object: 'Object Repository/Search_Objects/Page_Shop Online in Kenya - Pay Con/button_Search' is clicked on

2018-12-14 05:33:34 - [TEST_STEP][PASSED] - success = waitForElementPresent(findTestObject("Object Repository/Search_Objects/Page_Search results for iphone/search_indicator_reslt"), 10, CONTINUE_ON_FAILURE): Object 'Object Repository/Search_Objects/Page_Search results for iphone/search_indicator_reslt' is not present after 10 second(s)

2018-12-14 05:33:44 - [MESSAGE][INFO] - Unable to find the element located by 'By.xpath: //main[@id='maincontent']/div[3]/div/div/h1/span'. Please recheck the objects properties to make sure the desired element is located. 

2018-12-14 05:33:44 - [MESSAGE][WARNING] - Object 'Object Repository/Search_Objects/Page_Search results for iphone/search_indicator_reslt' is not present after 10 second(s)

2018-12-14 05:33:44 - [TEST_STEP][PASSED] - if (success): null

2018-12-14 05:33:44 - [TEST_STEP][FAILED] - else: else FAILED.
Reason:
com.kms.katalon.core.exception.StepFailedException: Failed to search for specified product
	at com.kms.katalon.core.util.KeywordUtil.markFailed(KeywordUtil.java:18)
	at com.kms.katalon.core.util.KeywordUtil$markFailed$0.call(Unknown Source)
	at Product Search.run(Product Search:31)
	at com.kms.katalon.core.main.ScriptEngine.run(ScriptEngine.java:194)
	at com.kms.katalon.core.main.ScriptEngine.runScriptAsRawText(ScriptEngine.java:119)
	at com.kms.katalon.core.main.TestCaseExecutor.runScript(TestCaseExecutor.java:321)
	at com.kms.katalon.core.main.TestCaseExecutor.doExecute(TestCaseExecutor.java:312)
	at com.kms.katalon.core.main.TestCaseExecutor.processExecutionPhase(TestCaseExecutor.java:291)
	at com.kms.katalon.core.main.TestCaseExecutor.accessMainPhase(TestCaseExecutor.java:283)
	at com.kms.katalon.core.main.TestCaseExecutor.execute(TestCaseExecutor.java:222)
	at com.kms.katalon.core.main.TestSuiteExecutor.accessTestCaseMainPhase(TestSuiteExecutor.java:129)
	at com.kms.katalon.core.main.TestSuiteExecutor.accessTestSuiteMainPhase(TestSuiteExecutor.java:112)
	at com.kms.katalon.core.main.TestSuiteExecutor.execute(TestSuiteExecutor.java:81)
	at com.kms.katalon.core.main.TestCaseMain.startTestSuite(TestCaseMain.java:149)
	at com.kms.katalon.core.main.TestCaseMain$startTestSuite$0.call(Unknown Source)
	at TempTestSuite1544754414997.run(TempTestSuite1544754414997.groovy:36)


2018-12-14 05:33:44 - [TEST_STEP][FAILED] - markFailed("Failed to search for specified product"): else FAILED.
Reason:
com.kms.katalon.core.exception.StepFailedException: Failed to search for specified product
	at com.kms.katalon.core.util.KeywordUtil.markFailed(KeywordUtil.java:18)
	at com.kms.katalon.core.util.KeywordUtil$markFailed$0.call(Unknown Source)
	at Product Search.run(Product Search:31)
	at com.kms.katalon.core.main.ScriptEngine.run(ScriptEngine.java:194)
	at com.kms.katalon.core.main.ScriptEngine.runScriptAsRawText(ScriptEngine.java:119)
	at com.kms.katalon.core.main.TestCaseExecutor.runScript(TestCaseExecutor.java:321)
	at com.kms.katalon.core.main.TestCaseExecutor.doExecute(TestCaseExecutor.java:312)
	at com.kms.katalon.core.main.TestCaseExecutor.processExecutionPhase(TestCaseExecutor.java:291)
	at com.kms.katalon.core.main.TestCaseExecutor.accessMainPhase(TestCaseExecutor.java:283)
	at com.kms.katalon.core.main.TestCaseExecutor.execute(TestCaseExecutor.java:222)
	at com.kms.katalon.core.main.TestSuiteExecutor.accessTestCaseMainPhase(TestSuiteExecutor.java:129)
	at com.kms.katalon.core.main.TestSuiteExecutor.accessTestSuiteMainPhase(TestSuiteExecutor.java:112)
	at com.kms.katalon.core.main.TestSuiteExecutor.execute(TestSuiteExecutor.java:81)
	at com.kms.katalon.core.main.TestCaseMain.startTestSuite(TestCaseMain.java:149)
	at com.kms.katalon.core.main.TestCaseMain$startTestSuite$0.call(Unknown Source)
	at TempTestSuite1544754414997.run(TempTestSuite1544754414997.groovy:36)


2018-12-14 05:33:44 - [MESSAGE][FAILED] - else FAILED.
Reason:
com.kms.katalon.core.exception.StepFailedException: Failed to search for specified product
	at com.kms.katalon.core.util.KeywordUtil.markFailed(KeywordUtil.java:18)
	at com.kms.katalon.core.util.KeywordUtil$markFailed$0.call(Unknown Source)
	at Product Search.run(Product Search:31)
	at com.kms.katalon.core.main.ScriptEngine.run(ScriptEngine.java:194)
	at com.kms.katalon.core.main.ScriptEngine.runScriptAsRawText(ScriptEngine.java:119)
	at com.kms.katalon.core.main.TestCaseExecutor.runScript(TestCaseExecutor.java:321)
	at com.kms.katalon.core.main.TestCaseExecutor.doExecute(TestCaseExecutor.java:312)
	at com.kms.katalon.core.main.TestCaseExecutor.processExecutionPhase(TestCaseExecutor.java:291)
	at com.kms.katalon.core.main.TestCaseExecutor.accessMainPhase(TestCaseExecutor.java:283)
	at com.kms.katalon.core.main.TestCaseExecutor.execute(TestCaseExecutor.java:222)
	at com.kms.katalon.core.main.TestSuiteExecutor.accessTestCaseMainPhase(TestSuiteExecutor.java:129)
	at com.kms.katalon.core.main.TestSuiteExecutor.accessTestSuiteMainPhase(TestSuiteExecutor.java:112)
	at com.kms.katalon.core.main.TestSuiteExecutor.execute(TestSuiteExecutor.java:81)
	at com.kms.katalon.core.main.TestCaseMain.startTestSuite(TestCaseMain.java:149)
	at com.kms.katalon.core.main.TestCaseMain$startTestSuite$0.call(Unknown Source)
	at TempTestSuite1544754414997.run(TempTestSuite1544754414997.groovy:36)]]></system-out>
         <system-err><![CDATA[2018-12-14 05:33:20 - [TEST_CASE][FAILED] - Test Cases/Product Search: Test Cases/Product Search FAILED.
Reason:
com.kms.katalon.core.exception.StepFailedException: Failed to search for specified product
	at com.kms.katalon.core.util.KeywordUtil.markFailed(KeywordUtil.java:18)
	at com.kms.katalon.core.util.KeywordUtil$markFailed$0.call(Unknown Source)
	at Product Search.run(Product Search:31)
	at com.kms.katalon.core.main.ScriptEngine.run(ScriptEngine.java:194)
	at com.kms.katalon.core.main.ScriptEngine.runScriptAsRawText(ScriptEngine.java:119)
	at com.kms.katalon.core.main.TestCaseExecutor.runScript(TestCaseExecutor.java:321)
	at com.kms.katalon.core.main.TestCaseExecutor.doExecute(TestCaseExecutor.java:312)
	at com.kms.katalon.core.main.TestCaseExecutor.processExecutionPhase(TestCaseExecutor.java:291)
	at com.kms.katalon.core.main.TestCaseExecutor.accessMainPhase(TestCaseExecutor.java:283)
	at com.kms.katalon.core.main.TestCaseExecutor.execute(TestCaseExecutor.java:222)
	at com.kms.katalon.core.main.TestSuiteExecutor.accessTestCaseMainPhase(TestSuiteExecutor.java:129)
	at com.kms.katalon.core.main.TestSuiteExecutor.accessTestSuiteMainPhase(TestSuiteExecutor.java:112)
	at com.kms.katalon.core.main.TestSuiteExecutor.execute(TestSuiteExecutor.java:81)
	at com.kms.katalon.core.main.TestCaseMain.startTestSuite(TestCaseMain.java:149)
	at com.kms.katalon.core.main.TestCaseMain$startTestSuite$0.call(Unknown Source)
	at TempTestSuite1544754414997.run(TempTestSuite1544754414997.groovy:36)]]></system-err>
      </testcase>
      <system-out><![CDATA[2018-12-14 05:32:24 - [TEST_SUITE][FAILED] - Product_search_Test_Suite: Test Cases/Product Search FAILED.
Reason:
com.kms.katalon.core.exception.StepFailedException: Failed to search for specified product
	at com.kms.katalon.core.util.KeywordUtil.markFailed(KeywordUtil.java:18)
	at com.kms.katalon.core.util.KeywordUtil$markFailed$0.call(Unknown Source)
	at Product Search.run(Product Search:31)
	at com.kms.katalon.core.main.ScriptEngine.run(ScriptEngine.java:194)
	at com.kms.katalon.core.main.ScriptEngine.runScriptAsRawText(ScriptEngine.java:119)
	at com.kms.katalon.core.main.TestCaseExecutor.runScript(TestCaseExecutor.java:321)
	at com.kms.katalon.core.main.TestCaseExecutor.doExecute(TestCaseExecutor.java:312)
	at com.kms.katalon.core.main.TestCaseExecutor.processExecutionPhase(TestCaseExecutor.java:291)
	at com.kms.katalon.core.main.TestCaseExecutor.accessMainPhase(TestCaseExecutor.java:283)
	at com.kms.katalon.core.main.TestCaseExecutor.execute(TestCaseExecutor.java:222)
	at com.kms.katalon.core.main.TestSuiteExecutor.accessTestCaseMainPhase(TestSuiteExecutor.java:129)
	at com.kms.katalon.core.main.TestSuiteExecutor.accessTestSuiteMainPhase(TestSuiteExecutor.java:112)
	at com.kms.katalon.core.main.TestSuiteExecutor.execute(TestSuiteExecutor.java:81)
	at com.kms.katalon.core.main.TestCaseMain.startTestSuite(TestCaseMain.java:149)
	at com.kms.katalon.core.main.TestCaseMain$startTestSuite$0.call(Unknown Source)
	at TempTestSuite1544754414997.run(TempTestSuite1544754414997.groovy:36)]]></system-out>
      <system-err><![CDATA[2018-12-14 05:32:24 - [TEST_SUITE][FAILED] - Product_search_Test_Suite: Test Cases/Product Search FAILED.
Reason:
com.kms.katalon.core.exception.StepFailedException: Failed to search for specified product
	at com.kms.katalon.core.util.KeywordUtil.markFailed(KeywordUtil.java:18)
	at com.kms.katalon.core.util.KeywordUtil$markFailed$0.call(Unknown Source)
	at Product Search.run(Product Search:31)
	at com.kms.katalon.core.main.ScriptEngine.run(ScriptEngine.java:194)
	at com.kms.katalon.core.main.ScriptEngine.runScriptAsRawText(ScriptEngine.java:119)
	at com.kms.katalon.core.main.TestCaseExecutor.runScript(TestCaseExecutor.java:321)
	at com.kms.katalon.core.main.TestCaseExecutor.doExecute(TestCaseExecutor.java:312)
	at com.kms.katalon.core.main.TestCaseExecutor.processExecutionPhase(TestCaseExecutor.java:291)
	at com.kms.katalon.core.main.TestCaseExecutor.accessMainPhase(TestCaseExecutor.java:283)
	at com.kms.katalon.core.main.TestCaseExecutor.execute(TestCaseExecutor.java:222)
	at com.kms.katalon.core.main.TestSuiteExecutor.accessTestCaseMainPhase(TestSuiteExecutor.java:129)
	at com.kms.katalon.core.main.TestSuiteExecutor.accessTestSuiteMainPhase(TestSuiteExecutor.java:112)
	at com.kms.katalon.core.main.TestSuiteExecutor.execute(TestSuiteExecutor.java:81)
	at com.kms.katalon.core.main.TestCaseMain.startTestSuite(TestCaseMain.java:149)
	at com.kms.katalon.core.main.TestCaseMain$startTestSuite$0.call(Unknown Source)
	at TempTestSuite1544754414997.run(TempTestSuite1544754414997.groovy:36)]]></system-err>
   </testsuite>
</testsuites>
